<?xml version="1.0" encoding="UTF-8"?>
<testng-results ignored="0" total="1" passed="1" failed="0" skipped="0">
  <reporter-output>
  </reporter-output>
  <suite started-at="2020-10-20T00:18:22 MSK" name="Smoke" finished-at="2020-10-20T00:19:16 MSK" duration-ms="53637">
    <groups>
    </groups>
    <test started-at="2020-10-20T00:18:22 MSK" name="UserAccess" finished-at="2020-10-20T00:19:16 MSK" duration-ms="53637">
      <class name="com.epam.ta.test.Hardcore">
        <test-method is-config="true" signature="setUp()[pri:0, instance:com.epam.ta.test.Hardcore@275710fc]" started-at="2020-10-20T00:18:23 MSK" name="setUp" finished-at="2020-10-20T00:18:31 MSK" duration-ms="8445" status="PASS">
          <reporter-output>
          </reporter-output>
        </test-method> <!-- setUp -->
        <test-method signature="Test()[pri:0, instance:com.epam.ta.test.Hardcore@275710fc]" started-at="2020-10-20T00:18:31 MSK" name="Test" finished-at="2020-10-20T00:19:13 MSK" duration-ms="42460" status="PASS">
          <reporter-output>
          </reporter-output>
        </test-method> <!-- Test -->
        <test-method is-config="true" signature="stopBrowser()[pri:0, instance:com.epam.ta.test.Hardcore@275710fc]" started-at="2020-10-20T00:19:13 MSK" name="stopBrowser" finished-at="2020-10-20T00:19:16 MSK" duration-ms="2659" status="PASS">
          <reporter-output>
          </reporter-output>
        </test-method> <!-- stopBrowser -->
      </class> <!-- com.epam.ta.test.Hardcore -->
    </test> <!-- UserAccess -->
  </suite> <!-- Smoke -->
</testng-results>
